2024-11-19T22:45:16.877832+00:00 INFO 'ansible_navigator.setup_logger' New ansible-navigator instance, logging initialized
2024-11-19T22:45:16.878248+00:00 INFO 'ansible_navigator.setup_logger' New ansible-runner instance, logging initialized
2024-11-19T22:45:16.878331+00:00 DEBUG 'ansible_navigator.main' Jinja2==3.1.2 
2024-11-19T22:45:16.878379+00:00 DEBUG 'ansible_navigator.main' MarkupSafe==2.1.0 
2024-11-19T22:45:16.878418+00:00 DEBUG 'ansible_navigator.main' PySocks==1.7.1 
2024-11-19T22:45:16.878458+00:00 DEBUG 'ansible_navigator.main' PyYAML==5.4.1 
2024-11-19T22:45:16.878489+00:00 DEBUG 'ansible_navigator.main' aiohappyeyeballs==2.4.3 /usr/local/lib/python3.9/site-packages/aiohappyeyeballs/__init__.py
2024-11-19T22:45:16.878512+00:00 DEBUG 'ansible_navigator.main' aiohttp==3.11.6 /usr/local/lib64/python3.9/site-packages/aiohttp/__init__.py
2024-11-19T22:45:16.878554+00:00 DEBUG 'ansible_navigator.main' aiokafka==0.12.0 /usr/local/lib64/python3.9/site-packages/aiokafka/__init__.py
2024-11-19T22:45:16.878578+00:00 DEBUG 'ansible_navigator.main' aiosignal==1.3.1 /usr/local/lib/python3.9/site-packages/aiosignal/__init__.py
2024-11-19T22:45:16.878599+00:00 DEBUG 'ansible_navigator.main' ansible-builder==3.0.1 
2024-11-19T22:45:16.878620+00:00 DEBUG 'ansible_navigator.main' ansible-compat==24.10.0 
2024-11-19T22:45:16.878641+00:00 DEBUG 'ansible_navigator.main' ansible-core==2.15.2 
2024-11-19T22:45:16.878662+00:00 DEBUG 'ansible_navigator.main' ansible-creator==24.1.0 
2024-11-19T22:45:16.878690+00:00 DEBUG 'ansible_navigator.main' ansible-lint==6.22.2 
2024-11-19T22:45:16.878723+00:00 DEBUG 'ansible_navigator.main' ansible-navigator==24.2.0 
2024-11-19T22:45:16.878755+00:00 DEBUG 'ansible_navigator.main' ansible-runner==2.3.6 
2024-11-19T22:45:16.878786+00:00 DEBUG 'ansible_navigator.main' ansible_rulebook==1.1.1 /usr/local/lib/python3.9/site-packages/ansible_rulebook/__init__.py
2024-11-19T22:45:16.878820+00:00 DEBUG 'ansible_navigator.main' async-timeout==5.0.1 
2024-11-19T22:45:16.878854+00:00 DEBUG 'ansible_navigator.main' attrs==23.2.0 /usr/local/lib/python3.9/site-packages/attrs/__init__.py
2024-11-19T22:45:16.878888+00:00 DEBUG 'ansible_navigator.main' awxkit==4.5.6 /usr/lib/python3.9/site-packages/awxkit/__init__.py
2024-11-19T22:45:16.878924+00:00 DEBUG 'ansible_navigator.main' bindep==2.10.2 /usr/lib/python3.9/site-packages/bindep/__init__.py
2024-11-19T22:45:16.878959+00:00 DEBUG 'ansible_navigator.main' black==22.8.0 /usr/lib/python3.9/site-packages/black/__init__.py
2024-11-19T22:45:16.878994+00:00 DEBUG 'ansible_navigator.main' boto3==1.22.10 /usr/lib/python3.9/site-packages/boto3/__init__.py
2024-11-19T22:45:16.879017+00:00 DEBUG 'ansible_navigator.main' botocore==1.25.10 /usr/lib/python3.9/site-packages/botocore/__init__.py
2024-11-19T22:45:16.879039+00:00 DEBUG 'ansible_navigator.main' bracex==2.2.1 /usr/lib/python3.9/site-packages/bracex/__init__.py
2024-11-19T22:45:16.879068+00:00 DEBUG 'ansible_navigator.main' certifi==2022.12.7 /usr/lib/python3.9/site-packages/certifi/__init__.py
2024-11-19T22:45:16.879102+00:00 DEBUG 'ansible_navigator.main' cffi==1.15.0 /usr/lib64/python3.9/site-packages/cffi/__init__.py
2024-11-19T22:45:16.879134+00:00 DEBUG 'ansible_navigator.main' charset-normalizer==2.0.11 
2024-11-19T22:45:16.879156+00:00 DEBUG 'ansible_navigator.main' click==8.1.3 /usr/lib/python3.9/site-packages/click/__init__.py
2024-11-19T22:45:16.879177+00:00 DEBUG 'ansible_navigator.main' commonmark==0.9.1 /usr/lib/python3.9/site-packages/commonmark/__init__.py
2024-11-19T22:45:16.879200+00:00 DEBUG 'ansible_navigator.main' cryptography==38.0.4 /usr/lib64/python3.9/site-packages/cryptography/__init__.py
2024-11-19T22:45:16.879236+00:00 DEBUG 'ansible_navigator.main' dbus-python==1.2.18 
2024-11-19T22:45:16.879273+00:00 DEBUG 'ansible_navigator.main' decorator==4.4.2 /usr/lib/python3.9/site-packages/decorator.py
2024-11-19T22:45:16.879310+00:00 DEBUG 'ansible_navigator.main' distro==1.6.0 /usr/lib/python3.9/site-packages/distro.py
2024-11-19T22:45:16.879348+00:00 DEBUG 'ansible_navigator.main' docutils==0.16 /usr/lib/python3.9/site-packages/docutils/__init__.py
2024-11-19T22:45:16.879402+00:00 DEBUG 'ansible_navigator.main' dpath==2.2.0 /usr/local/lib/python3.9/site-packages/dpath/__init__.py
2024-11-19T22:45:16.879443+00:00 DEBUG 'ansible_navigator.main' drools_jpy==0.3.9 
2024-11-19T22:45:16.879481+00:00 DEBUG 'ansible_navigator.main' exceptiongroup==1.2.1 /usr/local/lib/python3.9/site-packages/exceptiongroup/__init__.py
2024-11-19T22:45:16.879518+00:00 DEBUG 'ansible_navigator.main' file-magic==0.4.0 
2024-11-19T22:45:16.879573+00:00 DEBUG 'ansible_navigator.main' filelock==3.8.0 /usr/lib/python3.9/site-packages/filelock/__init__.py
2024-11-19T22:45:16.879610+00:00 DEBUG 'ansible_navigator.main' frozenlist==1.5.0 /usr/local/lib64/python3.9/site-packages/frozenlist/__init__.py
2024-11-19T22:45:16.879646+00:00 DEBUG 'ansible_navigator.main' h11==0.14.0 /usr/local/lib/python3.9/site-packages/h11/__init__.py
2024-11-19T22:45:16.879685+00:00 DEBUG 'ansible_navigator.main' idna==3.3 /usr/lib/python3.9/site-packages/idna/__init__.py
2024-11-19T22:45:16.879723+00:00 DEBUG 'ansible_navigator.main' importlib-metadata==6.0.1 
2024-11-19T22:45:16.879760+00:00 DEBUG 'ansible_navigator.main' importlib-resources==5.0.7 
2024-11-19T22:45:16.879797+00:00 DEBUG 'ansible_navigator.main' iniparse==0.4 /usr/lib/python3.9/site-packages/iniparse/__init__.py
2024-11-19T22:45:16.879833+00:00 DEBUG 'ansible_navigator.main' janus==1.1.0 /usr/local/lib/python3.9/site-packages/janus/__init__.py
2024-11-19T22:45:16.879869+00:00 DEBUG 'ansible_navigator.main' jmespath==0.10.0 /usr/lib/python3.9/site-packages/jmespath/__init__.py
2024-11-19T22:45:16.879905+00:00 DEBUG 'ansible_navigator.main' jpy==0.19.0 /usr/local/lib64/python3.9/site-packages/jpy.cpython-39-x86_64-linux-gnu.so
2024-11-19T22:45:16.879941+00:00 DEBUG 'ansible_navigator.main' jsonschema==4.16.0 /usr/lib/python3.9/site-packages/jsonschema/__init__.py
2024-11-19T22:45:16.879970+00:00 DEBUG 'ansible_navigator.main' lockfile==0.12.2 /usr/lib/python3.9/site-packages/lockfile/__init__.py
2024-11-19T22:45:16.879992+00:00 DEBUG 'ansible_navigator.main' multidict==6.1.0 /usr/local/lib64/python3.9/site-packages/multidict/__init__.py
2024-11-19T22:45:16.880029+00:00 DEBUG 'ansible_navigator.main' mypy-extensions==0.4.3 
2024-11-19T22:45:16.880075+00:00 DEBUG 'ansible_navigator.main' onigurumacffi==1.1.0 /usr/lib64/python3.9/site-packages/onigurumacffi.py
2024-11-19T22:45:16.880112+00:00 DEBUG 'ansible_navigator.main' outcome==1.3.0.post0 /usr/local/lib/python3.9/site-packages/outcome/__init__.py
2024-11-19T22:45:16.880147+00:00 DEBUG 'ansible_navigator.main' packaging==21.3 /usr/lib/python3.9/site-packages/packaging/__init__.py
2024-11-19T22:45:16.880183+00:00 DEBUG 'ansible_navigator.main' pathspec==0.12.1 /usr/lib/python3.9/site-packages/pathspec/__init__.py
2024-11-19T22:45:16.880220+00:00 DEBUG 'ansible_navigator.main' pbr==5.9.0 /usr/lib/python3.9/site-packages/pbr/__init__.py
2024-11-19T22:45:16.880256+00:00 DEBUG 'ansible_navigator.main' pip==21.2.3 /usr/lib/python3.9/site-packages/pip/__init__.py
2024-11-19T22:45:16.880292+00:00 DEBUG 'ansible_navigator.main' propcache==0.2.0 /usr/local/lib64/python3.9/site-packages/propcache/__init__.py
2024-11-19T22:45:16.880329+00:00 DEBUG 'ansible_navigator.main' psycopg-binary==3.2.3 
2024-11-19T22:45:16.880366+00:00 DEBUG 'ansible_navigator.main' psycopg2==2.9.3 /usr/lib64/python3.9/site-packages/psycopg2/__init__.py
2024-11-19T22:45:16.880404+00:00 DEBUG 'ansible_navigator.main' psycopg==3.2.3 /usr/local/lib/python3.9/site-packages/psycopg/__init__.py
2024-11-19T22:45:16.880442+00:00 DEBUG 'ansible_navigator.main' pycairo==1.20.1 
2024-11-19T22:45:16.880478+00:00 DEBUG 'ansible_navigator.main' pycparser==2.21 /usr/lib/python3.9/site-packages/pycparser/__init__.py
2024-11-19T22:45:16.880517+00:00 DEBUG 'ansible_navigator.main' pyinotify==0.9.6 /usr/lib/python3.9/site-packages/pyinotify.py
2024-11-19T22:45:16.880569+00:00 DEBUG 'ansible_navigator.main' pyrsistent==0.17.3 /usr/lib64/python3.9/site-packages/pyrsistent/__init__.py
2024-11-19T22:45:16.880607+00:00 DEBUG 'ansible_navigator.main' python-daemon==2.3.2 
2024-11-19T22:45:16.880650+00:00 DEBUG 'ansible_navigator.main' python-dateutil==2.8.1 
2024-11-19T22:45:16.880687+00:00 DEBUG 'ansible_navigator.main' receptorctl==1.4.5 /usr/lib/python3.9/site-packages/receptorctl/__init__.py
2024-11-19T22:45:16.880723+00:00 DEBUG 'ansible_navigator.main' requests==2.31.0 /usr/lib/python3.9/site-packages/requests/__init__.py
2024-11-19T22:45:16.880760+00:00 DEBUG 'ansible_navigator.main' requirements-parser==0.2.0 
2024-11-19T22:45:16.880796+00:00 DEBUG 'ansible_navigator.main' resolvelib==0.5.4 /usr/lib/python3.9/site-packages/resolvelib/__init__.py
2024-11-19T22:45:16.880833+00:00 DEBUG 'ansible_navigator.main' ruamel.yaml.clib==0.2.7 
2024-11-19T22:45:16.880869+00:00 DEBUG 'ansible_navigator.main' ruamel.yaml==0.18.6 /usr/local/lib/python3.9/site-packages/ruamel/yaml/__init__.py
2024-11-19T22:45:16.880905+00:00 DEBUG 'ansible_navigator.main' s3transfer==0.5.2 /usr/lib/python3.9/site-packages/s3transfer/__init__.py
2024-11-19T22:45:16.880941+00:00 DEBUG 'ansible_navigator.main' selenium==4.20.0 /usr/local/lib/python3.9/site-packages/selenium/__init__.py
2024-11-19T22:45:16.880981+00:00 DEBUG 'ansible_navigator.main' selinux==3.5 /usr/lib64/python3.9/site-packages/selinux/__init__.py
2024-11-19T22:45:16.881018+00:00 DEBUG 'ansible_navigator.main' sepolicy==3.5 /usr/lib/python3.9/site-packages/sepolicy/__init__.py
2024-11-19T22:45:16.881061+00:00 DEBUG 'ansible_navigator.main' setools==4.4.3 /usr/lib64/python3.9/site-packages/setools/__init__.py
2024-11-19T22:45:16.881101+00:00 DEBUG 'ansible_navigator.main' setuptools==53.0.0 /usr/lib/python3.9/site-packages/setuptools/__init__.py
2024-11-19T22:45:16.881139+00:00 DEBUG 'ansible_navigator.main' six==1.16.0 /usr/lib/python3.9/site-packages/six.py
2024-11-19T22:45:16.881176+00:00 DEBUG 'ansible_navigator.main' sniffio==1.3.1 /usr/local/lib/python3.9/site-packages/sniffio/__init__.py
2024-11-19T22:45:16.881212+00:00 DEBUG 'ansible_navigator.main' sortedcontainers==2.4.0 /usr/local/lib/python3.9/site-packages/sortedcontainers/__init__.py
2024-11-19T22:45:16.881248+00:00 DEBUG 'ansible_navigator.main' sos==4.7.0 /usr/lib/python3.9/site-packages/sos/__init__.py
2024-11-19T22:45:16.881287+00:00 DEBUG 'ansible_navigator.main' subprocess-tee==0.4.1 
2024-11-19T22:45:16.881324+00:00 DEBUG 'ansible_navigator.main' subscription-manager==1.29.40 
2024-11-19T22:45:16.881360+00:00 DEBUG 'ansible_navigator.main' supervisor==4.2.4 /usr/lib/python3.9/site-packages/supervisor/__init__.py
2024-11-19T22:45:16.881397+00:00 DEBUG 'ansible_navigator.main' tomli==2.0.1 /usr/lib/python3.9/site-packages/tomli/__init__.py
2024-11-19T22:45:16.881432+00:00 DEBUG 'ansible_navigator.main' trio-websocket==0.11.1 
2024-11-19T22:45:16.881471+00:00 DEBUG 'ansible_navigator.main' trio==0.25.0 /usr/local/lib/python3.9/site-packages/trio/__init__.py
2024-11-19T22:45:16.881508+00:00 DEBUG 'ansible_navigator.main' typing_extensions==4.11.0 /usr/local/lib/python3.9/site-packages/typing_extensions.py
2024-11-19T22:45:16.881559+00:00 DEBUG 'ansible_navigator.main' tzdata==2024.2 /usr/local/lib/python3.9/site-packages/tzdata/__init__.py
2024-11-19T22:45:16.881601+00:00 DEBUG 'ansible_navigator.main' urllib3==1.26.18 /usr/lib/python3.9/site-packages/urllib3/__init__.py
2024-11-19T22:45:16.881639+00:00 DEBUG 'ansible_navigator.main' watchdog==6.0.0 /usr/local/lib/python3.9/site-packages/watchdog/__init__.py
2024-11-19T22:45:16.881675+00:00 DEBUG 'ansible_navigator.main' wcmatch==8.3 /usr/lib/python3.9/site-packages/wcmatch/__init__.py
2024-11-19T22:45:16.881712+00:00 DEBUG 'ansible_navigator.main' websockets==14.1 /usr/local/lib64/python3.9/site-packages/websockets/__init__.py
2024-11-19T22:45:16.881747+00:00 DEBUG 'ansible_navigator.main' wsproto==1.2.0 /usr/local/lib/python3.9/site-packages/wsproto/__init__.py
2024-11-19T22:45:16.881784+00:00 DEBUG 'ansible_navigator.main' xxhash==3.5.0 /usr/local/lib64/python3.9/site-packages/xxhash/__init__.py
2024-11-19T22:45:16.881822+00:00 DEBUG 'ansible_navigator.main' yamllint==1.35.1 /usr/lib/python3.9/site-packages/yamllint/__init__.py
2024-11-19T22:45:16.881869+00:00 DEBUG 'ansible_navigator.main' yarl==1.17.2 /usr/local/lib64/python3.9/site-packages/yarl/__init__.py
2024-11-19T22:45:16.881907+00:00 DEBUG 'ansible_navigator.main' zipp==3.4.0 /usr/lib/python3.9/site-packages/zipp.py
2024-11-19T22:45:16.881943+00:00 DEBUG 'ansible_navigator.main' Default collection_doc_cache_path set to: /home/student/.cache/ansible-navigator/collection_doc_cache.db
2024-11-19T22:45:16.881976+00:00 DEBUG 'ansible_navigator.main' EDITOR environment variable not set
2024-11-19T22:45:16.881999+00:00 DEBUG 'ansible_navigator.main' Default editor_command set to: vi +{line_number} {filename}
2024-11-19T22:45:16.882020+00:00 DEBUG 'ansible_navigator.main' No config file set by ANSIBLE_NAVIGATOR_CONFIG
2024-11-19T22:45:16.882041+00:00 DEBUG 'ansible_navigator.main' Looking in /home/student
2024-11-19T22:45:16.882069+00:00 DEBUG 'ansible_navigator.main' Looking for '/home/student/.ansible-navigator.yml', '/home/student/.ansible-navigator.yaml' and '/home/student/.ansible-navigator.json'
2024-11-19T22:45:16.882094+00:00 DEBUG 'ansible_navigator.main' Found 1: '/home/student/.ansible-navigator.yml'
2024-11-19T22:45:16.882130+00:00 DEBUG 'ansible_navigator.main' Looking in /home/student/autocon2_aap_workshop
2024-11-19T22:45:16.882170+00:00 DEBUG 'ansible_navigator.main' Looking for '/home/student/autocon2_aap_workshop/ansible-navigator.yml', '/home/student/autocon2_aap_workshop/ansible-navigator.yaml' and '/home/student/autocon2_aap_workshop/ansible-navigator.json'
2024-11-19T22:45:16.882209+00:00 DEBUG 'ansible_navigator.main' Found 1: '/home/student/autocon2_aap_workshop/ansible-navigator.yml'
2024-11-19T22:45:16.882250+00:00 DEBUG 'ansible_navigator.main' All found 2: '/home/student/.ansible-navigator.yml' and '/home/student/autocon2_aap_workshop/ansible-navigator.yml'
2024-11-19T22:45:16.882288+00:00 DEBUG 'ansible_navigator.main' Using: /home/student/autocon2_aap_workshop/ansible-navigator.yml
2024-11-19T22:45:16.882325+00:00 DEBUG 'ansible_navigator.main' Using settings file at /home/student/autocon2_aap_workshop/ansible-navigator.yml in search path
2024-11-19T22:45:16.882362+00:00 DEBUG 'ansible_navigator.main' Command provided: 'playbooks/snmp.yml -m stdout'
2024-11-19T22:45:16.882399+00:00 DEBUG 'ansible_navigator.main' ansible-navigator.ansible-runner.artifact-dir not found in settings file
2024-11-19T22:45:16.882435+00:00 DEBUG 'ansible_navigator.main' ansible-navigator.ansible-runner.rotate-artifacts-count not found in settings file
2024-11-19T22:45:16.882473+00:00 DEBUG 'ansible_navigator.main' ansible-navigator.ansible-runner.timeout not found in settings file
2024-11-19T22:45:16.882509+00:00 DEBUG 'ansible_navigator.main' ansible-navigator.ansible-runner.job-events not found in settings file
2024-11-19T22:45:16.882568+00:00 DEBUG 'ansible_navigator.main' ansible-navigator.app not found in settings file
2024-11-19T22:45:16.882608+00:00 DEBUG 'ansible_navigator.main' ansible-navigator.ansible.cmdline not found in settings file
2024-11-19T22:45:16.882645+00:00 DEBUG 'ansible_navigator.main' ansible-navigator.collection-doc-cache-path not found in settings file
2024-11-19T22:45:16.882682+00:00 DEBUG 'ansible_navigator.main' ansible-navigator.ansible.config.path not found in settings file
2024-11-19T22:45:16.882719+00:00 DEBUG 'ansible_navigator.main' ansible-navigator.execution-environment.container-options not found in settings file
2024-11-19T22:45:16.882757+00:00 DEBUG 'ansible_navigator.main' ansible-navigator.color.enable not found in settings file
2024-11-19T22:45:16.882796+00:00 DEBUG 'ansible_navigator.main' ansible-navigator.editor.command not found in settings file
2024-11-19T22:45:16.882836+00:00 DEBUG 'ansible_navigator.main' ansible-navigator.editor.console not found in settings file
2024-11-19T22:45:16.882875+00:00 DEBUG 'ansible_navigator.main' ansible-navigator.enable-prompts not found in settings file
2024-11-19T22:45:16.882911+00:00 DEBUG 'ansible_navigator.main' ansible-navigator.exec.command not found in settings file
2024-11-19T22:45:16.882961+00:00 DEBUG 'ansible_navigator.main' ansible-navigator.exec.shell not found in settings file
2024-11-19T22:45:16.882998+00:00 DEBUG 'ansible_navigator.main' ansible-navigator.execution-environment.volume-mounts not found in settings file
2024-11-19T22:45:16.883035+00:00 DEBUG 'ansible_navigator.main' ansible-navigator.format not found in settings file
2024-11-19T22:45:16.883088+00:00 DEBUG 'ansible_navigator.main' ansible-navigator.ansible-builder.help not found in settings file
2024-11-19T22:45:16.883109+00:00 DEBUG 'ansible_navigator.main' ansible-navigator.ansible.config.help not found in settings file
2024-11-19T22:45:16.883130+00:00 DEBUG 'ansible_navigator.main' ansible-navigator.ansible.doc.help not found in settings file
2024-11-19T22:45:16.883151+00:00 DEBUG 'ansible_navigator.main' ansible-navigator.ansible.inventory.help not found in settings file
2024-11-19T22:45:16.883172+00:00 DEBUG 'ansible_navigator.main' ansible-navigator.ansible.playbook.help not found in settings file
2024-11-19T22:45:16.883194+00:00 DEBUG 'ansible_navigator.main' ansible-navigator.images.details not found in settings file
2024-11-19T22:45:16.883228+00:00 DEBUG 'ansible_navigator.main' ansible-navigator.inventory-columns not found in settings file
2024-11-19T22:45:16.883252+00:00 DEBUG 'ansible_navigator.main' ansible-navigator.ansible-lint.config not found in settings file
2024-11-19T22:45:16.883275+00:00 DEBUG 'ansible_navigator.main' ansible-navigator.ansible-lint.lintables not found in settings file
2024-11-19T22:45:16.883310+00:00 DEBUG 'ansible_navigator.main' ansible-navigator.logging.append not found in settings file
2024-11-19T22:45:16.883348+00:00 DEBUG 'ansible_navigator.main' ansible-navigator.mode not found in settings file
2024-11-19T22:45:16.883386+00:00 DEBUG 'ansible_navigator.main' ansible-navigator.color.osc4 not found in settings file
2024-11-19T22:45:16.883414+00:00 DEBUG 'ansible_navigator.main' ansible-navigator.execution-environment.environment-variables.pass not found in settings file
2024-11-19T22:45:16.883436+00:00 DEBUG 'ansible_navigator.main' ansible-navigator.ansible.playbook.path not found in settings file
2024-11-19T22:45:16.883457+00:00 DEBUG 'ansible_navigator.main' ansible-navigator.playbook-artifact.enable not found in settings file
2024-11-19T22:45:16.883479+00:00 DEBUG 'ansible_navigator.main' ansible-navigator.playbook-artifact.replay not found in settings file
2024-11-19T22:45:16.883499+00:00 DEBUG 'ansible_navigator.main' ansible-navigator.ansible.doc.plugin.name not found in settings file
2024-11-19T22:45:16.883521+00:00 DEBUG 'ansible_navigator.main' ansible-navigator.ansible.doc.plugin.type not found in settings file
2024-11-19T22:45:16.883571+00:00 DEBUG 'ansible_navigator.main' ansible-navigator.execution-environment.pull.arguments not found in settings file
2024-11-19T22:45:16.883604+00:00 DEBUG 'ansible_navigator.main' ansible-navigator.execution-environment.environment-variables.set not found in settings file
2024-11-19T22:45:16.883629+00:00 DEBUG 'ansible_navigator.main' ansible-navigator.settings.effective not found in settings file
2024-11-19T22:45:16.883651+00:00 DEBUG 'ansible_navigator.main' ansible-navigator.settings.sample not found in settings file
2024-11-19T22:45:16.883672+00:00 DEBUG 'ansible_navigator.main' ansible-navigator.settings.schema not found in settings file
2024-11-19T22:45:16.883693+00:00 DEBUG 'ansible_navigator.main' ansible-navigator.settings.sources not found in settings file
2024-11-19T22:45:16.883714+00:00 DEBUG 'ansible_navigator.main' ansible-navigator.time-zone not found in settings file
2024-11-19T22:45:16.883735+00:00 DEBUG 'ansible_navigator.main' ansible-navigator.ansible-builder.workdir not found in settings file
2024-11-19T22:45:16.883761+00:00 WARNING 'ansible_navigator.main' Configuration errors encountered, rolling back to previous configuration.
2024-11-19T22:45:16.883787+00:00 DEBUG 'ansible_navigator.main' Prior to rollback: ansible_runner_artifact_dir = 'Not set' (Constants/Not set)
2024-11-19T22:45:16.883814+00:00 DEBUG 'ansible_navigator.main' Prior to rollback: ansible_runner_rotate_artifacts_count = 'Not set' (Constants/Not set)
2024-11-19T22:45:16.883839+00:00 DEBUG 'ansible_navigator.main' Prior to rollback: ansible_runner_timeout = 'Not set' (Constants/Not set)
2024-11-19T22:45:16.883861+00:00 DEBUG 'ansible_navigator.main' Prior to rollback: ansible_runner_write_job_events = 'False' (bool/Defaults)
2024-11-19T22:45:16.883882+00:00 DEBUG 'ansible_navigator.main' Prior to rollback: app = 'welcome' (str/Defaults)
2024-11-19T22:45:16.883903+00:00 DEBUG 'ansible_navigator.main' Prior to rollback: cmdline = '['playbooks/snmp.yml', '-m', 'stdout']' (list/Command line)
2024-11-19T22:45:16.883924+00:00 DEBUG 'ansible_navigator.main' Prior to rollback: collection_doc_cache_path = '/home/student/.cache/ansible-navigator/collection_doc_cache.db' (str/Defaults)
2024-11-19T22:45:16.883945+00:00 DEBUG 'ansible_navigator.main' Prior to rollback: config = 'Not set' (Constants/Not set)
2024-11-19T22:45:16.883966+00:00 DEBUG 'ansible_navigator.main' Prior to rollback: container_engine = 'podman' (str/Settings file)
2024-11-19T22:45:16.883987+00:00 DEBUG 'ansible_navigator.main' Prior to rollback: container_options = 'Not set' (Constants/Not set)
2024-11-19T22:45:16.884008+00:00 DEBUG 'ansible_navigator.main' Prior to rollback: display_color = 'True' (bool/Defaults)
2024-11-19T22:45:16.884028+00:00 DEBUG 'ansible_navigator.main' Prior to rollback: editor_command = 'vi +{line_number} {filename}' (str/Defaults)
2024-11-19T22:45:16.884054+00:00 DEBUG 'ansible_navigator.main' Prior to rollback: editor_console = 'True' (bool/Defaults)
2024-11-19T22:45:16.884079+00:00 DEBUG 'ansible_navigator.main' Prior to rollback: enable_prompts = 'False' (bool/Defaults)
2024-11-19T22:45:16.884101+00:00 DEBUG 'ansible_navigator.main' Prior to rollback: exec_command = '/bin/bash' (str/Defaults)
2024-11-19T22:45:16.884122+00:00 DEBUG 'ansible_navigator.main' Prior to rollback: exec_shell = 'True' (bool/Defaults)
2024-11-19T22:45:16.884143+00:00 DEBUG 'ansible_navigator.main' Prior to rollback: execution_environment = 'True' (bool/Settings file)
2024-11-19T22:45:16.884164+00:00 DEBUG 'ansible_navigator.main' Prior to rollback: execution_environment_image = 'autocon-ee:latest' (str/Settings file)
2024-11-19T22:45:16.884184+00:00 DEBUG 'ansible_navigator.main' Prior to rollback: execution_environment_volume_mounts = 'Not set' (Constants/Not set)
2024-11-19T22:45:16.884205+00:00 DEBUG 'ansible_navigator.main' Prior to rollback: format = 'yaml' (str/Defaults)
2024-11-19T22:45:16.884225+00:00 DEBUG 'ansible_navigator.main' Prior to rollback: help_builder = 'False' (bool/Defaults)
2024-11-19T22:45:16.884248+00:00 DEBUG 'ansible_navigator.main' Prior to rollback: help_config = 'False' (bool/Defaults)
2024-11-19T22:45:16.884284+00:00 DEBUG 'ansible_navigator.main' Prior to rollback: help_doc = 'False' (bool/Defaults)
2024-11-19T22:45:16.884310+00:00 DEBUG 'ansible_navigator.main' Prior to rollback: help_inventory = 'False' (bool/Defaults)
2024-11-19T22:45:16.884331+00:00 DEBUG 'ansible_navigator.main' Prior to rollback: help_playbook = 'False' (bool/Defaults)
2024-11-19T22:45:16.884352+00:00 DEBUG 'ansible_navigator.main' Prior to rollback: images_details = '['everything']' (list/Defaults)
2024-11-19T22:45:16.884372+00:00 DEBUG 'ansible_navigator.main' Prior to rollback: inventory = '['/home/student/autocon2_aap_workshop/hosts']' (list/Settings file)
2024-11-19T22:45:16.884393+00:00 DEBUG 'ansible_navigator.main' Prior to rollback: inventory_column = 'Not set' (Constants/Not set)
2024-11-19T22:45:16.884424+00:00 DEBUG 'ansible_navigator.main' Prior to rollback: lint_config = 'Not set' (Constants/Not set)
2024-11-19T22:45:16.884462+00:00 DEBUG 'ansible_navigator.main' Prior to rollback: lintables = 'Not set' (Constants/Not set)
2024-11-19T22:45:16.884498+00:00 DEBUG 'ansible_navigator.main' Prior to rollback: log_append = 'True' (bool/Defaults)
2024-11-19T22:45:16.884551+00:00 DEBUG 'ansible_navigator.main' Prior to rollback: log_file = '/home/student/ansible-navigator.log' (str/Settings file)
2024-11-19T22:45:16.884587+00:00 DEBUG 'ansible_navigator.main' Prior to rollback: log_level = 'debug' (str/Settings file)
2024-11-19T22:45:16.884626+00:00 DEBUG 'ansible_navigator.main' Prior to rollback: mode = 'interactive' (str/Defaults)
2024-11-19T22:45:16.884663+00:00 DEBUG 'ansible_navigator.main' Prior to rollback: osc4 = 'True' (bool/Defaults)
2024-11-19T22:45:16.884701+00:00 DEBUG 'ansible_navigator.main' Prior to rollback: pass_environment_variable = 'Not set' (Constants/Not set)
2024-11-19T22:45:16.884741+00:00 DEBUG 'ansible_navigator.main' Prior to rollback: playbook = 'Not set' (Constants/Not set)
2024-11-19T22:45:16.884778+00:00 DEBUG 'ansible_navigator.main' Prior to rollback: playbook_artifact_enable = 'True' (bool/Defaults)
2024-11-19T22:45:16.884815+00:00 DEBUG 'ansible_navigator.main' Prior to rollback: playbook_artifact_replay = 'Not set' (Constants/Not set)
2024-11-19T22:45:16.884852+00:00 DEBUG 'ansible_navigator.main' Prior to rollback: playbook_artifact_save_as = '/home/student/playbook-artifacts-autocon2/{playbook_name}-artifact-{time_stamp}.json' (str/Settings file)
2024-11-19T22:45:16.884891+00:00 DEBUG 'ansible_navigator.main' Prior to rollback: plugin_name = 'Not set' (Constants/Not set)
2024-11-19T22:45:16.884929+00:00 DEBUG 'ansible_navigator.main' Prior to rollback: plugin_type = 'module' (str/Defaults)
2024-11-19T22:45:16.884967+00:00 DEBUG 'ansible_navigator.main' Prior to rollback: pull_arguments = 'Not set' (Constants/Not set)
2024-11-19T22:45:16.885005+00:00 DEBUG 'ansible_navigator.main' Prior to rollback: pull_policy = 'never' (str/Settings file)
2024-11-19T22:45:16.885044+00:00 DEBUG 'ansible_navigator.main' Prior to rollback: set_environment_variable = 'Not set' (Constants/Not set)
2024-11-19T22:45:16.885092+00:00 DEBUG 'ansible_navigator.main' Prior to rollback: settings_effective = 'False' (bool/Defaults)
2024-11-19T22:45:16.885133+00:00 DEBUG 'ansible_navigator.main' Prior to rollback: settings_sample = 'False' (bool/Defaults)
2024-11-19T22:45:16.885175+00:00 DEBUG 'ansible_navigator.main' Prior to rollback: settings_schema = 'json' (str/Defaults)
2024-11-19T22:45:16.885212+00:00 DEBUG 'ansible_navigator.main' Prior to rollback: settings_sources = 'False' (bool/Defaults)
2024-11-19T22:45:16.885249+00:00 DEBUG 'ansible_navigator.main' Prior to rollback: time_zone = 'UTC' (str/Defaults)
2024-11-19T22:45:16.885286+00:00 DEBUG 'ansible_navigator.main' Prior to rollback: workdir = '/home/student/autocon2_aap_workshop' (str/Defaults)
2024-11-19T22:45:16.885324+00:00 DEBUG 'ansible_navigator.main' After rollback: ansible_runner_artifact_dir = 'Not set' (Constants/Not set)
2024-11-19T22:45:16.885361+00:00 DEBUG 'ansible_navigator.main' After rollback: ansible_runner_rotate_artifacts_count = 'Not set' (Constants/Not set)
2024-11-19T22:45:16.885398+00:00 DEBUG 'ansible_navigator.main' After rollback: ansible_runner_timeout = 'Not set' (Constants/Not set)
2024-11-19T22:45:16.885435+00:00 DEBUG 'ansible_navigator.main' After rollback: ansible_runner_write_job_events = 'Not set' (Constants/Not set)
2024-11-19T22:45:16.885472+00:00 DEBUG 'ansible_navigator.main' After rollback: app = 'Not set' (Constants/Not set)
2024-11-19T22:45:16.885511+00:00 DEBUG 'ansible_navigator.main' After rollback: cmdline = 'Not set' (Constants/Not set)
2024-11-19T22:45:16.885566+00:00 DEBUG 'ansible_navigator.main' After rollback: collection_doc_cache_path = 'Not set' (Constants/Not set)
2024-11-19T22:45:16.885604+00:00 DEBUG 'ansible_navigator.main' After rollback: config = 'Not set' (Constants/Not set)
2024-11-19T22:45:16.885642+00:00 DEBUG 'ansible_navigator.main' After rollback: container_engine = 'Not set' (Constants/Not set)
2024-11-19T22:45:16.885679+00:00 DEBUG 'ansible_navigator.main' After rollback: container_options = 'Not set' (Constants/Not set)
2024-11-19T22:45:16.885716+00:00 DEBUG 'ansible_navigator.main' After rollback: display_color = 'Not set' (Constants/Not set)
2024-11-19T22:45:16.885757+00:00 DEBUG 'ansible_navigator.main' After rollback: editor_command = 'Not set' (Constants/Not set)
2024-11-19T22:45:16.885805+00:00 DEBUG 'ansible_navigator.main' After rollback: editor_console = 'Not set' (Constants/Not set)
2024-11-19T22:45:16.885847+00:00 DEBUG 'ansible_navigator.main' After rollback: enable_prompts = 'Not set' (Constants/Not set)
2024-11-19T22:45:16.885885+00:00 DEBUG 'ansible_navigator.main' After rollback: exec_command = 'Not set' (Constants/Not set)
2024-11-19T22:45:16.885922+00:00 DEBUG 'ansible_navigator.main' After rollback: exec_shell = 'Not set' (Constants/Not set)
2024-11-19T22:45:16.885962+00:00 DEBUG 'ansible_navigator.main' After rollback: execution_environment = 'Not set' (Constants/Not set)
2024-11-19T22:45:16.885999+00:00 DEBUG 'ansible_navigator.main' After rollback: execution_environment_image = 'Not set' (Constants/Not set)
2024-11-19T22:45:16.886036+00:00 DEBUG 'ansible_navigator.main' After rollback: execution_environment_volume_mounts = 'Not set' (Constants/Not set)
2024-11-19T22:45:16.886083+00:00 DEBUG 'ansible_navigator.main' After rollback: format = 'Not set' (Constants/Not set)
2024-11-19T22:45:16.886121+00:00 DEBUG 'ansible_navigator.main' After rollback: help_builder = 'Not set' (Constants/Not set)
2024-11-19T22:45:16.886157+00:00 DEBUG 'ansible_navigator.main' After rollback: help_config = 'Not set' (Constants/Not set)
2024-11-19T22:45:16.886194+00:00 DEBUG 'ansible_navigator.main' After rollback: help_doc = 'Not set' (Constants/Not set)
2024-11-19T22:45:16.886224+00:00 DEBUG 'ansible_navigator.main' After rollback: help_inventory = 'Not set' (Constants/Not set)
2024-11-19T22:45:16.886250+00:00 DEBUG 'ansible_navigator.main' After rollback: help_playbook = 'Not set' (Constants/Not set)
2024-11-19T22:45:16.886288+00:00 DEBUG 'ansible_navigator.main' After rollback: images_details = 'Not set' (Constants/Not set)
2024-11-19T22:45:16.886328+00:00 DEBUG 'ansible_navigator.main' After rollback: inventory = 'Not set' (Constants/Not set)
2024-11-19T22:45:16.886368+00:00 DEBUG 'ansible_navigator.main' After rollback: inventory_column = 'Not set' (Constants/Not set)
2024-11-19T22:45:16.886401+00:00 DEBUG 'ansible_navigator.main' After rollback: lint_config = 'Not set' (Constants/Not set)
2024-11-19T22:45:16.886440+00:00 DEBUG 'ansible_navigator.main' After rollback: lintables = 'Not set' (Constants/Not set)
2024-11-19T22:45:16.886476+00:00 DEBUG 'ansible_navigator.main' After rollback: log_append = 'Not set' (Constants/Not set)
2024-11-19T22:45:16.886514+00:00 DEBUG 'ansible_navigator.main' After rollback: log_file = 'Not set' (Constants/Not set)
2024-11-19T22:45:16.886566+00:00 DEBUG 'ansible_navigator.main' After rollback: log_level = 'Not set' (Constants/Not set)
2024-11-19T22:45:16.886605+00:00 DEBUG 'ansible_navigator.main' After rollback: mode = 'Not set' (Constants/Not set)
2024-11-19T22:45:16.886642+00:00 DEBUG 'ansible_navigator.main' After rollback: osc4 = 'Not set' (Constants/Not set)
2024-11-19T22:45:16.886679+00:00 DEBUG 'ansible_navigator.main' After rollback: pass_environment_variable = 'Not set' (Constants/Not set)
2024-11-19T22:45:16.886710+00:00 DEBUG 'ansible_navigator.main' After rollback: playbook = 'Not set' (Constants/Not set)
2024-11-19T22:45:16.886743+00:00 DEBUG 'ansible_navigator.main' After rollback: playbook_artifact_enable = 'Not set' (Constants/Not set)
2024-11-19T22:45:16.886779+00:00 DEBUG 'ansible_navigator.main' After rollback: playbook_artifact_replay = 'Not set' (Constants/Not set)
2024-11-19T22:45:16.886813+00:00 DEBUG 'ansible_navigator.main' After rollback: playbook_artifact_save_as = 'Not set' (Constants/Not set)
2024-11-19T22:45:16.886848+00:00 DEBUG 'ansible_navigator.main' After rollback: plugin_name = 'Not set' (Constants/Not set)
2024-11-19T22:45:16.886887+00:00 DEBUG 'ansible_navigator.main' After rollback: plugin_type = 'Not set' (Constants/Not set)
2024-11-19T22:45:16.886923+00:00 DEBUG 'ansible_navigator.main' After rollback: pull_arguments = 'Not set' (Constants/Not set)
2024-11-19T22:45:16.886959+00:00 DEBUG 'ansible_navigator.main' After rollback: pull_policy = 'Not set' (Constants/Not set)
2024-11-19T22:45:16.887003+00:00 DEBUG 'ansible_navigator.main' After rollback: set_environment_variable = 'Not set' (Constants/Not set)
2024-11-19T22:45:16.887038+00:00 DEBUG 'ansible_navigator.main' After rollback: settings_effective = 'Not set' (Constants/Not set)
2024-11-19T22:45:16.887072+00:00 DEBUG 'ansible_navigator.main' After rollback: settings_sample = 'Not set' (Constants/Not set)
2024-11-19T22:45:16.887094+00:00 DEBUG 'ansible_navigator.main' After rollback: settings_schema = 'Not set' (Constants/Not set)
2024-11-19T22:45:16.887116+00:00 DEBUG 'ansible_navigator.main' After rollback: settings_sources = 'Not set' (Constants/Not set)
2024-11-19T22:45:16.887137+00:00 DEBUG 'ansible_navigator.main' After rollback: time_zone = 'Not set' (Constants/Not set)
2024-11-19T22:45:16.887158+00:00 DEBUG 'ansible_navigator.main' After rollback: workdir = 'Not set' (Constants/Not set)
2024-11-19T22:45:16.887182+00:00 DEBUG 'ansible_navigator.main' Configuration rollback complete.
2024-11-19T22:45:16.887205+00:00 DEBUG 'ansible_navigator.main' Collection doc cache not mounted
2024-11-19T22:45:16.887242+00:00 WARNING 'ansible_navigator.main' Issues were found while applying the settings.
2024-11-19T22:45:16.887269+00:00 INFO 'ansible_navigator.main' Command provided: 'playbooks/snmp.yml -m stdout'
2024-11-19T22:45:16.887300+00:00 ERROR 'ansible_navigator.main' argument {subcommand} --help: invalid choice: 'playbooks/snmp.yml' (choose from 'builder', 'collections', 'config', 'doc', 'exec', 'images', 'inventory', 'lint', 'replay', 'run', 'settings', 'welcome')
2024-11-19T22:45:16.887329+00:00 INFO 'ansible_navigator.main' Configuration failed, using default log file location. (/home/student/autocon2_aap_workshop/ansible-navigator.log) Log level set to debug
2024-11-19T22:45:16.887354+00:00 INFO 'ansible_navigator.main' Review the hints and log file to see what went wrong.
